# -----------------------------------------------------------------------------
# KMCLib version 2.0-a1
# Distributed under the GPLv3 license
# Copyright (C)  2012-2016  Mikael Leetmaa
# Developed by Mikael Leetmaa <leetmaa@kth.se>
#
# This program is distributed in the hope that it will be useful
# but WITHOUT ANY WARRANTY; without even the implied warranty of
# MERCHANTABILITY or FITNESS FOR A PARTICULAR PURPOSE.  See the
# LICENSE and README files, and the source code, for details.
#
# You should have received a copy of the GNU General Public License version 3
# (GPLv3) along with this program. If not, see <http://www.gnu.org/licenses/>.
# -----------------------------------------------------------------------------

 KMCLib: setting up the backend C++ object.
 KMCLib: Runing for 300000 steps, starting from time: 0.000000

 KMCLib: 1000 steps executed. time:     1.0219816024e+03 
 KMCLib: 2000 steps executed. time:     2.0764919276e+03 
 KMCLib: 3000 steps executed. time:     3.0250292894e+03 
 KMCLib: 4000 steps executed. time:     4.0394612519e+03 
 KMCLib: 5000 steps executed. time:     5.0595622056e+03 
 KMCLib: 6000 steps executed. time:     6.0801780011e+03 
 KMCLib: 7000 steps executed. time:     7.0462200028e+03 
 KMCLib: 8000 steps executed. time:     8.0526099543e+03 
 KMCLib: 9000 steps executed. time:     9.0527994375e+03 
 KMCLib: 10000 steps executed. time:     9.9948544174e+03 
 KMCLib: 11000 steps executed. time:     1.0995106526e+04 
 KMCLib: 12000 steps executed. time:     1.2038720012e+04 
 KMCLib: 13000 steps executed. time:     1.3016669549e+04 
 KMCLib: 14000 steps executed. time:     1.4032643314e+04 
 KMCLib: 15000 steps executed. time:     1.5040055431e+04 
 KMCLib: 16000 steps executed. time:     1.6018458416e+04 
 KMCLib: 17000 steps executed. time:     1.7030404896e+04 
 KMCLib: 18000 steps executed. time:     1.8037612772e+04 
 KMCLib: 19000 steps executed. time:     1.9004377306e+04 
 KMCLib: 20000 steps executed. time:     2.0029960694e+04 
 KMCLib: 21000 steps executed. time:     2.1005099900e+04 
 KMCLib: 22000 steps executed. time:     2.2015267194e+04 
 KMCLib: 23000 steps executed. time:     2.3062247384e+04 
 KMCLib: 24000 steps executed. time:     2.4071327279e+04 
 KMCLib: 25000 steps executed. time:     2.5129070516e+04 
 KMCLib: 26000 steps executed. time:     2.6170750695e+04 
 KMCLib: 27000 steps executed. time:     2.7233311631e+04 
 KMCLib: 28000 steps executed. time:     2.8221147083e+04 
 KMCLib: 29000 steps executed. time:     2.9207180346e+04 
 KMCLib: 30000 steps executed. time:     3.0223365786e+04 
 KMCLib: 31000 steps executed. time:     3.1168413522e+04 
 KMCLib: 32000 steps executed. time:     3.2174873780e+04 
 KMCLib: 33000 steps executed. time:     3.3162842580e+04 
 KMCLib: 34000 steps executed. time:     3.4160237848e+04 
 KMCLib: 35000 steps executed. time:     3.5200094861e+04 
 KMCLib: 36000 steps executed. time:     3.6136208861e+04 
 KMCLib: 37000 steps executed. time:     3.7143940313e+04 
 KMCLib: 38000 steps executed. time:     3.8125287482e+04 
 KMCLib: 39000 steps executed. time:     3.9085435151e+04 
 KMCLib: 40000 steps executed. time:     4.0004050003e+04 
 KMCLib: 41000 steps executed. time:     4.1000569578e+04 
 KMCLib: 42000 steps executed. time:     4.1998282946e+04 
 KMCLib: 43000 steps executed. time:     4.2959860020e+04 
 KMCLib: 44000 steps executed. time:     4.3970311474e+04 
 KMCLib: 45000 steps executed. time:     4.4980502571e+04 
 KMCLib: 46000 steps executed. time:     4.6041161483e+04 
 KMCLib: 47000 steps executed. time:     4.7085492830e+04 
 KMCLib: 48000 steps executed. time:     4.8050312626e+04 
 KMCLib: 49000 steps executed. time:     4.8998031564e+04 
 KMCLib: 50000 steps executed. time:     4.9997592880e+04 
 KMCLib: 51000 steps executed. time:     5.0987098119e+04 
 KMCLib: 52000 steps executed. time:     5.2024828738e+04 
 KMCLib: 53000 steps executed. time:     5.3044286287e+04 
 KMCLib: 54000 steps executed. time:     5.4016728647e+04 
 KMCLib: 55000 steps executed. time:     5.4983619733e+04 
 KMCLib: 56000 steps executed. time:     5.5981196158e+04 
 KMCLib: 57000 steps executed. time:     5.6980489217e+04 
 KMCLib: 58000 steps executed. time:     5.8012627364e+04 
 KMCLib: 59000 steps executed. time:     5.8971737679e+04 
 KMCLib: 60000 steps executed. time:     5.9967771028e+04 
 KMCLib: 61000 steps executed. time:     6.0948891287e+04 
 KMCLib: 62000 steps executed. time:     6.1956778256e+04 
 KMCLib: 63000 steps executed. time:     6.2980969243e+04 
 KMCLib: 64000 steps executed. time:     6.4025902153e+04 
 KMCLib: 65000 steps executed. time:     6.5058374355e+04 
 KMCLib: 66000 steps executed. time:     6.6136050422e+04 
 KMCLib: 67000 steps executed. time:     6.7111094007e+04 
 KMCLib: 68000 steps executed. time:     6.8100343574e+04 
 KMCLib: 69000 steps executed. time:     6.9087093754e+04 
 KMCLib: 70000 steps executed. time:     7.0071607482e+04 
 KMCLib: 71000 steps executed. time:     7.1076523164e+04 
 KMCLib: 72000 steps executed. time:     7.2042630004e+04 
 KMCLib: 73000 steps executed. time:     7.3015957439e+04 
 KMCLib: 74000 steps executed. time:     7.4037520317e+04 
 KMCLib: 75000 steps executed. time:     7.5044560555e+04 
 KMCLib: 76000 steps executed. time:     7.6016988202e+04 
 KMCLib: 77000 steps executed. time:     7.7072613182e+04 
 KMCLib: 78000 steps executed. time:     7.8098923773e+04 
 KMCLib: 79000 steps executed. time:     7.9110005125e+04 
 KMCLib: 80000 steps executed. time:     8.0104592319e+04 
 KMCLib: 81000 steps executed. time:     8.1099293700e+04 
 KMCLib: 82000 steps executed. time:     8.2131055276e+04 
 KMCLib: 83000 steps executed. time:     8.3099826674e+04 
 KMCLib: 84000 steps executed. time:     8.4101398223e+04 
 KMCLib: 85000 steps executed. time:     8.5126035668e+04 
 KMCLib: 86000 steps executed. time:     8.6156858265e+04 
 KMCLib: 87000 steps executed. time:     8.7122433180e+04 
 KMCLib: 88000 steps executed. time:     8.8110721872e+04 
 KMCLib: 89000 steps executed. time:     8.9088884966e+04 
 KMCLib: 90000 steps executed. time:     9.0080123066e+04 
 KMCLib: 91000 steps executed. time:     9.1180481977e+04 
 KMCLib: 92000 steps executed. time:     9.2197159299e+04 
 KMCLib: 93000 steps executed. time:     9.3229511369e+04 
 KMCLib: 94000 steps executed. time:     9.4201652117e+04 
 KMCLib: 95000 steps executed. time:     9.5220134588e+04 
 KMCLib: 96000 steps executed. time:     9.6218154932e+04 
 KMCLib: 97000 steps executed. time:     9.7225527191e+04 
 KMCLib: 98000 steps executed. time:     9.8172282486e+04 
 KMCLib: 99000 steps executed. time:     9.9201345931e+04 
 KMCLib: 100000 steps executed. time:     1.0019947057e+05 
 KMCLib: 101000 steps executed. time:     1.0120347792e+05 
 KMCLib: 102000 steps executed. time:     1.0217819114e+05 
 KMCLib: 103000 steps executed. time:     1.0312049869e+05 
 KMCLib: 104000 steps executed. time:     1.0410453781e+05 
 KMCLib: 105000 steps executed. time:     1.0512340433e+05 
 KMCLib: 106000 steps executed. time:     1.0615053515e+05 
 KMCLib: 107000 steps executed. time:     1.0714119082e+05 
 KMCLib: 108000 steps executed. time:     1.0812862497e+05 
 KMCLib: 109000 steps executed. time:     1.0909967235e+05 
 KMCLib: 110000 steps executed. time:     1.1010656870e+05 
 KMCLib: 111000 steps executed. time:     1.1112801566e+05 
 KMCLib: 112000 steps executed. time:     1.1208677999e+05 
 KMCLib: 113000 steps executed. time:     1.1306500998e+05 
 KMCLib: 114000 steps executed. time:     1.1407498803e+05 
 KMCLib: 115000 steps executed. time:     1.1508731430e+05 
 KMCLib: 116000 steps executed. time:     1.1605853378e+05 
 KMCLib: 117000 steps executed. time:     1.1708086209e+05 
 KMCLib: 118000 steps executed. time:     1.1802552254e+05 
 KMCLib: 119000 steps executed. time:     1.1898698382e+05 
 KMCLib: 120000 steps executed. time:     1.1992068519e+05 
 KMCLib: 121000 steps executed. time:     1.2095306815e+05 
 KMCLib: 122000 steps executed. time:     1.2191726308e+05 
 KMCLib: 123000 steps executed. time:     1.2294332310e+05 
 KMCLib: 124000 steps executed. time:     1.2393589353e+05 
 KMCLib: 125000 steps executed. time:     1.2486348209e+05 
 KMCLib: 126000 steps executed. time:     1.2585450552e+05 
 KMCLib: 127000 steps executed. time:     1.2678714745e+05 
 KMCLib: 128000 steps executed. time:     1.2780484598e+05 
 KMCLib: 129000 steps executed. time:     1.2873049454e+05 
 KMCLib: 130000 steps executed. time:     1.2972037089e+05 
 KMCLib: 131000 steps executed. time:     1.3071304225e+05 
 KMCLib: 132000 steps executed. time:     1.3171363498e+05 
 KMCLib: 133000 steps executed. time:     1.3275914438e+05 
 KMCLib: 134000 steps executed. time:     1.3376155466e+05 
 KMCLib: 135000 steps executed. time:     1.3475535326e+05 
 KMCLib: 136000 steps executed. time:     1.3574516652e+05 
 KMCLib: 137000 steps executed. time:     1.3670118108e+05 
 KMCLib: 138000 steps executed. time:     1.3772528893e+05 
 KMCLib: 139000 steps executed. time:     1.3868479244e+05 
 KMCLib: 140000 steps executed. time:     1.3967724245e+05 
 KMCLib: 141000 steps executed. time:     1.4072058849e+05 
 KMCLib: 142000 steps executed. time:     1.4172264979e+05 
 KMCLib: 143000 steps executed. time:     1.4270661982e+05 
 KMCLib: 144000 steps executed. time:     1.4372982472e+05 
 KMCLib: 145000 steps executed. time:     1.4473897359e+05 
 KMCLib: 146000 steps executed. time:     1.4571749124e+05 
 KMCLib: 147000 steps executed. time:     1.4671276551e+05 
 KMCLib: 148000 steps executed. time:     1.4772965491e+05 
 KMCLib: 149000 steps executed. time:     1.4872494903e+05 
 KMCLib: 150000 steps executed. time:     1.4969014709e+05 
 KMCLib: 151000 steps executed. time:     1.5072408344e+05 
 KMCLib: 152000 steps executed. time:     1.5175894544e+05 
 KMCLib: 153000 steps executed. time:     1.5276080310e+05 
 KMCLib: 154000 steps executed. time:     1.5377949858e+05 
 KMCLib: 155000 steps executed. time:     1.5479898181e+05 
 KMCLib: 156000 steps executed. time:     1.5580438480e+05 
 KMCLib: 157000 steps executed. time:     1.5681052437e+05 
 KMCLib: 158000 steps executed. time:     1.5782911877e+05 
 KMCLib: 159000 steps executed. time:     1.5879836276e+05 
 KMCLib: 160000 steps executed. time:     1.5981413038e+05 
 KMCLib: 161000 steps executed. time:     1.6081556017e+05 
 KMCLib: 162000 steps executed. time:     1.6181283275e+05 
 KMCLib: 163000 steps executed. time:     1.6284305260e+05 
 KMCLib: 164000 steps executed. time:     1.6384476897e+05 
 KMCLib: 165000 steps executed. time:     1.6483539266e+05 
 KMCLib: 166000 steps executed. time:     1.6590459259e+05 
 KMCLib: 167000 steps executed. time:     1.6688446325e+05 
 KMCLib: 168000 steps executed. time:     1.6787758352e+05 
 KMCLib: 169000 steps executed. time:     1.6889393704e+05 
 KMCLib: 170000 steps executed. time:     1.6984371894e+05 
 KMCLib: 171000 steps executed. time:     1.7082212603e+05 
 KMCLib: 172000 steps executed. time:     1.7182213832e+05 
 KMCLib: 173000 steps executed. time:     1.7280710480e+05 
 KMCLib: 174000 steps executed. time:     1.7377716140e+05 
 KMCLib: 175000 steps executed. time:     1.7477840987e+05 
 KMCLib: 176000 steps executed. time:     1.7578026208e+05 
 KMCLib: 177000 steps executed. time:     1.7678474449e+05 
 KMCLib: 178000 steps executed. time:     1.7781530542e+05 
 KMCLib: 179000 steps executed. time:     1.7880727369e+05 
 KMCLib: 180000 steps executed. time:     1.7983551622e+05 
 KMCLib: 181000 steps executed. time:     1.8085301946e+05 
 KMCLib: 182000 steps executed. time:     1.8186262039e+05 
 KMCLib: 183000 steps executed. time:     1.8289557963e+05 
 KMCLib: 184000 steps executed. time:     1.8386424328e+05 
 KMCLib: 185000 steps executed. time:     1.8486020389e+05 
 KMCLib: 186000 steps executed. time:     1.8588834164e+05 
 KMCLib: 187000 steps executed. time:     1.8685824779e+05 
 KMCLib: 188000 steps executed. time:     1.8784395976e+05 
 KMCLib: 189000 steps executed. time:     1.8883882809e+05 
 KMCLib: 190000 steps executed. time:     1.8983389983e+05 
 KMCLib: 191000 steps executed. time:     1.9083846579e+05 
 KMCLib: 192000 steps executed. time:     1.9181678904e+05 
 KMCLib: 193000 steps executed. time:     1.9283682440e+05 
 KMCLib: 194000 steps executed. time:     1.9385129256e+05 
 KMCLib: 195000 steps executed. time:     1.9489762378e+05 
 KMCLib: 196000 steps executed. time:     1.9585416911e+05 
 KMCLib: 197000 steps executed. time:     1.9679460585e+05 
 KMCLib: 198000 steps executed. time:     1.9778174560e+05 
 KMCLib: 199000 steps executed. time:     1.9873510255e+05 
 KMCLib: 200000 steps executed. time:     1.9974942582e+05 
 KMCLib: 201000 steps executed. time:     2.0076616040e+05 
 KMCLib: 202000 steps executed. time:     2.0176690655e+05 
 KMCLib: 203000 steps executed. time:     2.0277876277e+05 
 KMCLib: 204000 steps executed. time:     2.0378915499e+05 
 KMCLib: 205000 steps executed. time:     2.0487994105e+05 
 KMCLib: 206000 steps executed. time:     2.0584696047e+05 
 KMCLib: 207000 steps executed. time:     2.0682659242e+05 
 KMCLib: 208000 steps executed. time:     2.0786637275e+05 
 KMCLib: 209000 steps executed. time:     2.0891546480e+05 
 KMCLib: 210000 steps executed. time:     2.0987890039e+05 
 KMCLib: 211000 steps executed. time:     2.1083327860e+05 
 KMCLib: 212000 steps executed. time:     2.1183434012e+05 
 KMCLib: 213000 steps executed. time:     2.1286415188e+05 
 KMCLib: 214000 steps executed. time:     2.1391006275e+05 
 KMCLib: 215000 steps executed. time:     2.1495527179e+05 
 KMCLib: 216000 steps executed. time:     2.1600396061e+05 
 KMCLib: 217000 steps executed. time:     2.1696363402e+05 
 KMCLib: 218000 steps executed. time:     2.1796372528e+05 
 KMCLib: 219000 steps executed. time:     2.1897493018e+05 
 KMCLib: 220000 steps executed. time:     2.1995644978e+05 
 KMCLib: 221000 steps executed. time:     2.2098862030e+05 
 KMCLib: 222000 steps executed. time:     2.2199346574e+05 
 KMCLib: 223000 steps executed. time:     2.2300844155e+05 
 KMCLib: 224000 steps executed. time:     2.2396253104e+05 
 KMCLib: 225000 steps executed. time:     2.2498016356e+05 
 KMCLib: 226000 steps executed. time:     2.2599347484e+05 
 KMCLib: 227000 steps executed. time:     2.2697447099e+05 
 KMCLib: 228000 steps executed. time:     2.2797872022e+05 
 KMCLib: 229000 steps executed. time:     2.2899155452e+05 
 KMCLib: 230000 steps executed. time:     2.2997113456e+05 
 KMCLib: 231000 steps executed. time:     2.3094162977e+05 
 KMCLib: 232000 steps executed. time:     2.3196623863e+05 
 KMCLib: 233000 steps executed. time:     2.3297020825e+05 
 KMCLib: 234000 steps executed. time:     2.3394231845e+05 
 KMCLib: 235000 steps executed. time:     2.3496123938e+05 
 KMCLib: 236000 steps executed. time:     2.3592877209e+05 
 KMCLib: 237000 steps executed. time:     2.3699847284e+05 
 KMCLib: 238000 steps executed. time:     2.3800340031e+05 
 KMCLib: 239000 steps executed. time:     2.3900394925e+05 
 KMCLib: 240000 steps executed. time:     2.4001004267e+05 
 KMCLib: 241000 steps executed. time:     2.4100637946e+05 
 KMCLib: 242000 steps executed. time:     2.4198761911e+05 
 KMCLib: 243000 steps executed. time:     2.4301249569e+05 
 KMCLib: 244000 steps executed. time:     2.4398609750e+05 
 KMCLib: 245000 steps executed. time:     2.4498779686e+05 
 KMCLib: 246000 steps executed. time:     2.4594973168e+05 
 KMCLib: 247000 steps executed. time:     2.4700156804e+05 
 KMCLib: 248000 steps executed. time:     2.4801763821e+05 
 KMCLib: 249000 steps executed. time:     2.4897298522e+05 
 KMCLib: 250000 steps executed. time:     2.4995415089e+05 
 KMCLib: 251000 steps executed. time:     2.5098678240e+05 
 KMCLib: 252000 steps executed. time:     2.5192748147e+05 
 KMCLib: 253000 steps executed. time:     2.5294788200e+05 
 KMCLib: 254000 steps executed. time:     2.5393374034e+05 
 KMCLib: 255000 steps executed. time:     2.5495360977e+05 
 KMCLib: 256000 steps executed. time:     2.5587402718e+05 
 KMCLib: 257000 steps executed. time:     2.5688074789e+05 
 KMCLib: 258000 steps executed. time:     2.5785450111e+05 
 KMCLib: 259000 steps executed. time:     2.5880851016e+05 
 KMCLib: 260000 steps executed. time:     2.5981342991e+05 
 KMCLib: 261000 steps executed. time:     2.6077528611e+05 
 KMCLib: 262000 steps executed. time:     2.6175201952e+05 
 KMCLib: 263000 steps executed. time:     2.6281753956e+05 
 KMCLib: 264000 steps executed. time:     2.6380962770e+05 
 KMCLib: 265000 steps executed. time:     2.6481306882e+05 
 KMCLib: 266000 steps executed. time:     2.6583250525e+05 
 KMCLib: 267000 steps executed. time:     2.6686289610e+05 
 KMCLib: 268000 steps executed. time:     2.6786346616e+05 
 KMCLib: 269000 steps executed. time:     2.6888686264e+05 
 KMCLib: 270000 steps executed. time:     2.6986880672e+05 
 KMCLib: 271000 steps executed. time:     2.7084277424e+05 
 KMCLib: 272000 steps executed. time:     2.7184333989e+05 
 KMCLib: 273000 steps executed. time:     2.7285241745e+05 
 KMCLib: 274000 steps executed. time:     2.7384395852e+05 
 KMCLib: 275000 steps executed. time:     2.7485805788e+05 
 KMCLib: 276000 steps executed. time:     2.7585587667e+05 
 KMCLib: 277000 steps executed. time:     2.7687637256e+05 
 KMCLib: 278000 steps executed. time:     2.7788390098e+05 
 KMCLib: 279000 steps executed. time:     2.7887950554e+05 
 KMCLib: 280000 steps executed. time:     2.7994498225e+05 
 KMCLib: 281000 steps executed. time:     2.8091096531e+05 
 KMCLib: 282000 steps executed. time:     2.8192005777e+05 
 KMCLib: 283000 steps executed. time:     2.8290829276e+05 
 KMCLib: 284000 steps executed. time:     2.8383413222e+05 
 KMCLib: 285000 steps executed. time:     2.8479432941e+05 
 KMCLib: 286000 steps executed. time:     2.8584273851e+05 
 KMCLib: 287000 steps executed. time:     2.8683620775e+05 
 KMCLib: 288000 steps executed. time:     2.8788631984e+05 
 KMCLib: 289000 steps executed. time:     2.8886690199e+05 
 KMCLib: 290000 steps executed. time:     2.8982732916e+05 
 KMCLib: 291000 steps executed. time:     2.9084085182e+05 
 KMCLib: 292000 steps executed. time:     2.9185047579e+05 
 KMCLib: 293000 steps executed. time:     2.9286650038e+05 
 KMCLib: 294000 steps executed. time:     2.9385891767e+05 
 KMCLib: 295000 steps executed. time:     2.9486659558e+05 
 KMCLib: 296000 steps executed. time:     2.9590024842e+05 
 KMCLib: 297000 steps executed. time:     2.9692240226e+05 
 KMCLib: 298000 steps executed. time:     2.9794459538e+05 
 KMCLib: 299000 steps executed. time:     2.9892564104e+05 
 KMCLib: 300000 steps executed. time:     2.9999027701e+05 
('D_x1, D_x2, D_y1, D_y2, D_z1, D_z2', 0.02325581388458091, 0.01667573462016353, 0.02250243845499665, 0.015381121312872573, 0.02380062523176111, 0.01771550443337876)
